build/app/intermediates/manifest_merge_blame_file/debug/manifest-merger-blame-debug-report.txt
1<?xml version="1.0" encoding="utf-8"?>
2<manifest xmlns:android="http://schemas.android.com/apk/res/android"
3    package="com.dandroid.amotionflutterui"
4    android:versionCode="1"
5    android:versionName="1.0.0" >
6
7    <uses-sdk
8        android:minSdkVersion="16"
9        android:targetSdkVersion="31" />
10    <!--
11         Flutter needs it to communicate with the running application
12         to allow setting breakpoints, to provide hot reload, etc.
13    -->
14    <uses-permission android:name="android.permission.INTERNET" />
14-->src/main/AndroidManifest.xml:3:5-67
14-->src/main/AndroidManifest.xml:3:22-64
15    <uses-permission android:name="android.permission.WAKE_LOCK" />
15-->src/main/AndroidManifest.xml:4:5-68
15-->src/main/AndroidManifest.xml:4:22-65
16    <uses-permission android:name="android.permission.WRITE_EXTERNAL_STORAGE" />
16-->src/main/AndroidManifest.xml:5:5-81
16-->src/main/AndroidManifest.xml:5:22-78
17    <uses-permission android:name="android.permission.REQUEST_INSTALL_PACKAGES" />
17-->src/main/AndroidManifest.xml:6:5-83
17-->src/main/AndroidManifest.xml:6:22-80
18    <uses-permission android:name="android.permission.READ_EXTERNAL_STORAGE" />
18-->[:image_picker] AndroidManifest.xml:9:5-80
18-->[:image_picker] AndroidManifest.xml:9:22-77
19
20    <application
21        android:name="android.app.Application"
22        android:appComponentFactory="androidx.core.app.CoreComponentFactory"
22-->[androidx.core:core:1.6.0] AndroidManifest.xml:24:18-86
23        android:debuggable="true"
24        android:icon="@mipmap/ic_launcher"
25        android:label="flutterproduct"
26        android:theme="@style/AppTheme"
27        android:usesCleartextTraffic="true" >
28        <activity
29            android:name="com.dandroid.amotionflutterui.MainActivity"
30            android:configChanges="orientation|keyboardHidden|keyboard|screenSize|smallestScreenSize|locale|layoutDirection|fontScale|screenLayout|density|uiMode"
31            android:exported="true"
32            android:hardwareAccelerated="true"
33            android:launchMode="singleTop"
34            android:theme="@style/LaunchTheme"
35            android:windowSoftInputMode="adjustResize" >
36
37            <!--
38                 Specifies an Android theme to apply to this Activity as soon as
39                 the Android process has started. This theme is visible to the user
40                 while the Flutter UI initializes. After that, this theme continues
41                 to determine the Window background behind the Flutter UI.
42            -->
43            <intent-filter>
44                <action android:name="android.intent.action.MAIN" />
45
46                <category android:name="android.intent.category.LAUNCHER" />
47            </intent-filter>
48        </activity>
49        <!--
50             Don't delete the meta-data below.
51             This is used by the Flutter tool to generate GeneratedPluginRegistrant.java
52        -->
53        <meta-data
54            android:name="flutterEmbedding"
55            android:value="2" />
56
57        <provider
58            android:name="androidx.core.content.FileProvider"
59            android:authorities="com.dandroid.amotionflutterui.fileProvider.install"
60            android:exported="false"
61            android:grantUriPermissions="true" >
62            <meta-data
62-->[:image_picker] AndroidManifest.xml:18:13-20:75
63                android:name="android.support.FILE_PROVIDER_PATHS"
63-->[:image_picker] AndroidManifest.xml:19:17-67
64                android:resource="@xml/provider_install_paths" />
64-->[:image_picker] AndroidManifest.xml:20:17-72
65        </provider>
66        <provider
66-->[:image_picker] AndroidManifest.xml:13:9-21:20
67            android:name="io.flutter.plugins.imagepicker.ImagePickerFileProvider"
67-->[:image_picker] AndroidManifest.xml:14:13-82
68            android:authorities="com.dandroid.amotionflutterui.flutter.image_provider"
68-->[:image_picker] AndroidManifest.xml:15:13-74
69            android:exported="false"
69-->[:image_picker] AndroidManifest.xml:16:13-37
70            android:grantUriPermissions="true" >
70-->[:image_picker] AndroidManifest.xml:17:13-47
71            <meta-data
71-->[:image_picker] AndroidManifest.xml:18:13-20:75
72                android:name="android.support.FILE_PROVIDER_PATHS"
72-->[:image_picker] AndroidManifest.xml:19:17-67
73                android:resource="@xml/flutter_image_picker_file_paths" />
73-->[:image_picker] AndroidManifest.xml:20:17-72
74        </provider>
75
76        <activity
76-->[:url_launcher_android] AndroidManifest.xml:10:9-13:74
77            android:name="io.flutter.plugins.urllauncher.WebViewActivity"
77-->[:url_launcher_android] AndroidManifest.xml:11:13-74
78            android:exported="false"
78-->[:url_launcher_android] AndroidManifest.xml:12:13-37
79            android:theme="@android:style/Theme.NoTitleBar.Fullscreen" />
79-->[:url_launcher_android] AndroidManifest.xml:13:13-71
80
81        <uses-library
81-->[androidx.window:window:1.0.0-beta04] AndroidManifest.xml:25:9-27:40
82            android:name="androidx.window.extensions"
82-->[androidx.window:window:1.0.0-beta04] AndroidManifest.xml:26:13-54
83            android:required="false" />
83-->[androidx.window:window:1.0.0-beta04] AndroidManifest.xml:27:13-37
84        <uses-library
84-->[androidx.window:window:1.0.0-beta04] AndroidManifest.xml:28:9-30:40
85            android:name="androidx.window.sidecar"
85-->[androidx.window:window:1.0.0-beta04] AndroidManifest.xml:29:13-51
86            android:required="false" />
86-->[androidx.window:window:1.0.0-beta04] AndroidManifest.xml:30:13-37
87    </application>
88
89</manifest>